<?xml version="1.0" encoding="UTF-8"?>
<!-- Generated by org.testng.reporters.JUnitReportReporter -->
<testsuite skipped="0" hostname="LAPTOP-2UH916GH" name="TestNg.Test2" tests="7" failures="0" timestamp="17 May 2022 17:26:33 GMT" time="0.029" errors="0">
  <testcase name="chats" time="0.005" classname="TestNg.Test2"/>
  <testcase name="calls" time="0.007" classname="TestNg.Test2"/>
  <testcase name="calls" time="0.005" classname="TestNg.Test2"/>
  <testcase name="calls" time="0.007" classname="TestNg.Test2"/>
  <testcase name="calls" time="0.002" classname="TestNg.Test2"/>
  <testcase name="calls" time="0.002" classname="TestNg.Test2"/>
  <testcase name="settings" time="0.001" classname="TestNg.Test2"/>
</testsuite> <!-- TestNg.Test2 -->
