<?xml version="1.0" encoding="UTF-8"?>
<!-- Generated by org.testng.reporters.JUnitReportReporter -->
<testsuite skipped="1" hostname="LAPTOP-2UH916GH" name="TestNg.Test3" tests="7" failures="0" timestamp="17 May 2022 17:26:33 GMT" time="0.066" errors="0">
  <testcase name="chats" time="0.002" classname="TestNg.Test3"/>
  <testcase name="calls" time="0.004" classname="TestNg.Test3"/>
  <testcase name="calls" time="0.004" classname="TestNg.Test3"/>
  <testcase name="calls" time="0.002" classname="TestNg.Test3"/>
  <testcase name="calls" time="0.049" classname="TestNg.Test3"/>
  <testcase name="calls" time="0.005" classname="TestNg.Test3"/>
  <testcase name="settings" classname="TestNg.Test3">
    <skipped/>
  </testcase> <!-- settings -->
</testsuite> <!-- TestNg.Test3 -->
