<?xml version="1.0" encoding="UTF-8"?>
<!-- Generated by org.testng.reporters.JUnitReportReporter -->
<testsuite skipped="0" hostname="LAPTOP-2UH916GH" name="TestNg.Test1" tests="1" failures="0" timestamp="17 May 2022 17:26:33 GMT" time="0.001" errors="0">
  <testcase name="tc1" time="0.001" classname="TestNg.Test1"/>
</testsuite> <!-- TestNg.Test1 -->
